<?xml version="1.0" encoding="UTF-8"?>
<coverage generated="1660998916656" clover="3.2.0">
  <project timestamp="1660998916656" name="All files">
    <metrics statements="81" coveredstatements="80" conditionals="26" coveredconditionals="17" methods="49" coveredmethods="48" elements="156" coveredelements="145" complexity="0" loc="81" ncloc="81" packages="1" files="2" classes="2"/>
    <file name="MySqlField.ts" path="D:\Projects\Web\database-sql-generator\src\builders\MySql\MySqlField.ts">
      <metrics statements="61" coveredstatements="61" conditionals="16" coveredconditionals="9" methods="37" coveredmethods="37"/>
      <line num="6" count="11" type="stmt"/>
      <line num="9" count="1" type="stmt"/>
      <line num="12" count="2" type="stmt"/>
      <line num="14" count="8" type="stmt"/>
      <line num="17" count="2" type="stmt"/>
      <line num="20" count="2" type="stmt"/>
      <line num="22" count="7" type="stmt"/>
      <line num="25" count="2" type="stmt"/>
      <line num="28" count="2" type="stmt"/>
      <line num="30" count="7" type="stmt"/>
      <line num="33" count="2" type="stmt"/>
      <line num="35" count="2" type="stmt"/>
      <line num="37" count="7" type="stmt"/>
      <line num="40" count="2" type="stmt"/>
      <line num="42" count="2" type="stmt"/>
      <line num="44" count="11" type="stmt"/>
      <line num="47" count="2" type="stmt"/>
      <line num="50" count="2" type="stmt"/>
      <line num="52" count="11" type="stmt"/>
      <line num="55" count="2" type="stmt"/>
      <line num="60" count="8" type="stmt"/>
      <line num="64" count="1" type="stmt"/>
      <line num="69" count="25" type="stmt"/>
      <line num="72" count="2" type="stmt"/>
      <line num="76" count="2" type="stmt"/>
      <line num="77" count="2" type="stmt"/>
      <line num="81" count="2" type="stmt"/>
      <line num="82" count="2" type="stmt"/>
      <line num="86" count="1" type="stmt"/>
      <line num="87" count="1" type="stmt"/>
      <line num="91" count="1" type="stmt"/>
      <line num="92" count="1" type="stmt"/>
      <line num="96" count="2" type="stmt"/>
      <line num="97" count="2" type="stmt"/>
      <line num="101" count="2" type="stmt"/>
      <line num="102" count="2" type="stmt"/>
      <line num="106" count="2" type="stmt"/>
      <line num="107" count="2" type="stmt"/>
      <line num="111" count="2" type="stmt"/>
      <line num="112" count="2" type="stmt"/>
      <line num="116" count="2" type="stmt"/>
      <line num="117" count="2" type="stmt"/>
      <line num="121" count="2" type="stmt"/>
      <line num="122" count="2" type="stmt"/>
      <line num="126" count="4" type="stmt"/>
      <line num="137" count="32" type="stmt"/>
      <line num="138" count="4" type="stmt"/>
      <line num="142" count="4" type="cond" truecount="1" falsecount="1"/>
      <line num="143" count="4" type="stmt"/>
      <line num="147" count="4" type="cond" truecount="2" falsecount="0"/>
      <line num="148" count="2" type="stmt"/>
      <line num="152" count="4" type="cond" truecount="1" falsecount="1"/>
      <line num="153" count="4" type="stmt"/>
      <line num="157" count="4" type="cond" truecount="1" falsecount="1"/>
      <line num="158" count="4" type="stmt"/>
      <line num="162" count="4" type="cond" truecount="1" falsecount="1"/>
      <line num="163" count="4" type="cond" truecount="1" falsecount="1"/>
      <line num="167" count="4" type="cond" truecount="1" falsecount="1"/>
      <line num="168" count="4" type="stmt"/>
      <line num="172" count="4" type="cond" truecount="1" falsecount="1"/>
      <line num="173" count="4" type="stmt"/>
    </file>
    <file name="MySqlTableBuilder.ts" path="D:\Projects\Web\database-sql-generator\src\builders\MySql\MySqlTableBuilder.ts">
      <metrics statements="20" coveredstatements="19" conditionals="10" coveredconditionals="8" methods="12" coveredmethods="11"/>
      <line num="8" count="5" type="stmt"/>
      <line num="11" count="1" type="stmt"/>
      <line num="16" count="22" type="stmt"/>
      <line num="19" count="2" type="stmt"/>
      <line num="22" count="1" type="stmt"/>
      <line num="24" count="3" type="stmt"/>
      <line num="27" count="0" type="stmt"/>
      <line num="31" count="1" type="stmt"/>
      <line num="32" count="1" type="stmt"/>
      <line num="33" count="1" type="stmt"/>
      <line num="37" count="1" type="cond" truecount="3" falsecount="1"/>
      <line num="38" count="1" type="stmt"/>
      <line num="40" count="1" type="stmt"/>
      <line num="44" count="1" type="cond" truecount="4" falsecount="1"/>
      <line num="45" count="1" type="stmt"/>
      <line num="49" count="2" type="stmt"/>
      <line num="53" count="2" type="stmt"/>
      <line num="57" count="2" type="stmt"/>
      <line num="58" count="2" type="stmt"/>
      <line num="59" count="2" type="stmt"/>
    </file>
  </project>
</coverage>
