{"D:\\Projects\\Web\\database-sql-generator\\src\\builders\\tableBuilder.js": {"path":"D:\\Projects\\Web\\database-sql-generator\\src\\builders\\tableBuilder.js","statementMap":{},"fnMap":{"0":{"name":"(anonymous_0)","decl":{"start":{"line":4,"column":4},"end":{"line":4,"column":5}},"loc":{"start":{"line":4,"column":18},"end":{"line":4,"column":20}},"line":4},"1":{"name":"(anonymous_1)","decl":{"start":{"line":6,"column":4},"end":{"line":6,"column":5}},"loc":{"start":{"line":6,"column":15},"end":{"line":6,"column":17}},"line":6},"2":{"name":"(anonymous_2)","decl":{"start":{"line":7,"column":4},"end":{"line":7,"column":5}},"loc":{"start":{"line":7,"column":12},"end":{"line":7,"column":14}},"line":7}},"branchMap":{},"s":{},"f":{"0":1,"1":0,"2":0},"b":{},"_coverageSchema":"1a1c01bbd47fc00a2c39e90264f33305004495a9","hash":"51ac38ebb14f34dd70026a54464da52bb1a96abb"}
}
