{"D:\\Projects\\Web\\database-sql-generator\\src\\builders\\MySql\\MySqlField.ts": {"path":"D:\\Projects\\Web\\database-sql-generator\\src\\builders\\MySql\\MySqlField.ts","statementMap":{"0":{"start":{"line":6,"column":8},"end":{"line":6,"column":26}},"1":{"start":{"line":9,"column":8},"end":{"line":9,"column":27}},"2":{"start":{"line":12,"column":35},"end":{"line":12,"column":40}},"3":{"start":{"line":14,"column":8},"end":{"line":14,"column":32}},"4":{"start":{"line":17,"column":8},"end":{"line":17,"column":33}},"5":{"start":{"line":20,"column":35},"end":{"line":20,"column":39}},"6":{"start":{"line":22,"column":8},"end":{"line":22,"column":32}},"7":{"start":{"line":25,"column":8},"end":{"line":25,"column":33}},"8":{"start":{"line":28,"column":38},"end":{"line":28,"column":43}},"9":{"start":{"line":30,"column":8},"end":{"line":30,"column":35}},"10":{"start":{"line":33,"column":8},"end":{"line":33,"column":36}},"11":{"start":{"line":35,"column":31},"end":{"line":35,"column":36}},"12":{"start":{"line":37,"column":8},"end":{"line":37,"column":28}},"13":{"start":{"line":40,"column":8},"end":{"line":40,"column":29}},"14":{"start":{"line":42,"column":37},"end":{"line":42,"column":60}},"15":{"start":{"line":44,"column":8},"end":{"line":44,"column":26}},"16":{"start":{"line":47,"column":8},"end":{"line":47,"column":27}},"17":{"start":{"line":50,"column":42},"end":{"line":50,"column":44}},"18":{"start":{"line":52,"column":8},"end":{"line":52,"column":28}},"19":{"start":{"line":55,"column":8},"end":{"line":55,"column":29}},"20":{"start":{"line":60,"column":8},"end":{"line":60,"column":34}},"21":{"start":{"line":64,"column":8},"end":{"line":64,"column":35}},"22":{"start":{"line":69,"column":8},"end":{"line":69,"column":32}},"23":{"start":{"line":72,"column":8},"end":{"line":72,"column":33}},"24":{"start":{"line":76,"column":8},"end":{"line":76,"column":26}},"25":{"start":{"line":77,"column":8},"end":{"line":77,"column":26}},"26":{"start":{"line":81,"column":8},"end":{"line":81,"column":43}},"27":{"start":{"line":82,"column":8},"end":{"line":82,"column":20}},"28":{"start":{"line":86,"column":8},"end":{"line":86,"column":41}},"29":{"start":{"line":87,"column":8},"end":{"line":87,"column":20}},"30":{"start":{"line":91,"column":8},"end":{"line":91,"column":25}},"31":{"start":{"line":92,"column":8},"end":{"line":92,"column":20}},"32":{"start":{"line":96,"column":8},"end":{"line":96,"column":25}},"33":{"start":{"line":97,"column":8},"end":{"line":97,"column":20}},"34":{"start":{"line":101,"column":8},"end":{"line":101,"column":29}},"35":{"start":{"line":102,"column":8},"end":{"line":102,"column":20}},"36":{"start":{"line":106,"column":8},"end":{"line":106,"column":37}},"37":{"start":{"line":107,"column":8},"end":{"line":107,"column":20}},"38":{"start":{"line":111,"column":8},"end":{"line":111,"column":29}},"39":{"start":{"line":112,"column":8},"end":{"line":112,"column":20}},"40":{"start":{"line":116,"column":8},"end":{"line":116,"column":37}},"41":{"start":{"line":117,"column":8},"end":{"line":117,"column":20}},"42":{"start":{"line":121,"column":8},"end":{"line":121,"column":37}},"43":{"start":{"line":122,"column":8},"end":{"line":122,"column":20}},"44":{"start":{"line":126,"column":30},"end":{"line":135,"column":9}},"45":{"start":{"line":137,"column":20},"end":{"line":137,"column":57}},"46":{"start":{"line":137,"column":48},"end":{"line":137,"column":56}},"47":{"start":{"line":138,"column":8},"end":{"line":138,"column":29}},"48":{"start":{"line":142,"column":8},"end":{"line":142,"column":40}},"49":{"start":{"line":142,"column":30},"end":{"line":142,"column":40}},"50":{"start":{"line":143,"column":8},"end":{"line":143,"column":44}},"51":{"start":{"line":147,"column":8},"end":{"line":147,"column":42}},"52":{"start":{"line":147,"column":32},"end":{"line":147,"column":42}},"53":{"start":{"line":148,"column":8},"end":{"line":148,"column":46}},"54":{"start":{"line":152,"column":8},"end":{"line":152,"column":36}},"55":{"start":{"line":152,"column":26},"end":{"line":152,"column":36}},"56":{"start":{"line":153,"column":8},"end":{"line":153,"column":24}},"57":{"start":{"line":157,"column":8},"end":{"line":157,"column":43}},"58":{"start":{"line":157,"column":33},"end":{"line":157,"column":43}},"59":{"start":{"line":158,"column":8},"end":{"line":158,"column":32}},"60":{"start":{"line":162,"column":8},"end":{"line":162,"column":34}},"61":{"start":{"line":162,"column":24},"end":{"line":162,"column":34}},"62":{"start":{"line":163,"column":8},"end":{"line":163,"column":105}},"63":{"start":{"line":167,"column":8},"end":{"line":167,"column":39}},"64":{"start":{"line":167,"column":29},"end":{"line":167,"column":39}},"65":{"start":{"line":168,"column":8},"end":{"line":168,"column":26}},"66":{"start":{"line":172,"column":8},"end":{"line":172,"column":40}},"67":{"start":{"line":172,"column":30},"end":{"line":172,"column":40}},"68":{"start":{"line":173,"column":8},"end":{"line":173,"column":154}}},"fnMap":{"0":{"name":"(anonymous_0)","decl":{"start":{"line":5,"column":4},"end":{"line":5,"column":5}},"loc":{"start":{"line":5,"column":30},"end":{"line":7,"column":5}},"line":5},"1":{"name":"(anonymous_1)","decl":{"start":{"line":8,"column":4},"end":{"line":8,"column":5}},"loc":{"start":{"line":8,"column":35},"end":{"line":10,"column":5}},"line":8},"2":{"name":"(anonymous_2)","decl":{"start":{"line":13,"column":4},"end":{"line":13,"column":5}},"loc":{"start":{"line":13,"column":37},"end":{"line":15,"column":5}},"line":13},"3":{"name":"(anonymous_3)","decl":{"start":{"line":16,"column":4},"end":{"line":16,"column":5}},"loc":{"start":{"line":16,"column":42},"end":{"line":18,"column":5}},"line":16},"4":{"name":"(anonymous_4)","decl":{"start":{"line":21,"column":4},"end":{"line":21,"column":5}},"loc":{"start":{"line":21,"column":37},"end":{"line":23,"column":5}},"line":21},"5":{"name":"(anonymous_5)","decl":{"start":{"line":24,"column":4},"end":{"line":24,"column":5}},"loc":{"start":{"line":24,"column":42},"end":{"line":26,"column":5}},"line":24},"6":{"name":"(anonymous_6)","decl":{"start":{"line":29,"column":4},"end":{"line":29,"column":5}},"loc":{"start":{"line":29,"column":40},"end":{"line":31,"column":5}},"line":29},"7":{"name":"(anonymous_7)","decl":{"start":{"line":32,"column":4},"end":{"line":32,"column":5}},"loc":{"start":{"line":32,"column":45},"end":{"line":34,"column":5}},"line":32},"8":{"name":"(anonymous_8)","decl":{"start":{"line":36,"column":4},"end":{"line":36,"column":5}},"loc":{"start":{"line":36,"column":33},"end":{"line":38,"column":5}},"line":36},"9":{"name":"(anonymous_9)","decl":{"start":{"line":39,"column":4},"end":{"line":39,"column":5}},"loc":{"start":{"line":39,"column":38},"end":{"line":41,"column":5}},"line":39},"10":{"name":"(anonymous_10)","decl":{"start":{"line":43,"column":4},"end":{"line":43,"column":5}},"loc":{"start":{"line":43,"column":39},"end":{"line":45,"column":5}},"line":43},"11":{"name":"(anonymous_11)","decl":{"start":{"line":46,"column":4},"end":{"line":46,"column":5}},"loc":{"start":{"line":46,"column":44},"end":{"line":48,"column":5}},"line":46},"12":{"name":"(anonymous_12)","decl":{"start":{"line":51,"column":4},"end":{"line":51,"column":5}},"loc":{"start":{"line":51,"column":44},"end":{"line":53,"column":5}},"line":51},"13":{"name":"(anonymous_13)","decl":{"start":{"line":54,"column":4},"end":{"line":54,"column":5}},"loc":{"start":{"line":54,"column":49},"end":{"line":56,"column":5}},"line":54},"14":{"name":"(anonymous_14)","decl":{"start":{"line":59,"column":4},"end":{"line":59,"column":5}},"loc":{"start":{"line":59,"column":50},"end":{"line":61,"column":5}},"line":59},"15":{"name":"(anonymous_15)","decl":{"start":{"line":63,"column":4},"end":{"line":63,"column":5}},"loc":{"start":{"line":63,"column":55},"end":{"line":65,"column":5}},"line":63},"16":{"name":"(anonymous_16)","decl":{"start":{"line":68,"column":4},"end":{"line":68,"column":5}},"loc":{"start":{"line":68,"column":52},"end":{"line":70,"column":5}},"line":68},"17":{"name":"(anonymous_17)","decl":{"start":{"line":71,"column":4},"end":{"line":71,"column":5}},"loc":{"start":{"line":71,"column":57},"end":{"line":73,"column":5}},"line":71},"18":{"name":"(anonymous_18)","decl":{"start":{"line":75,"column":4},"end":{"line":75,"column":5}},"loc":{"start":{"line":75,"column":53},"end":{"line":78,"column":5}},"line":75},"19":{"name":"(anonymous_19)","decl":{"start":{"line":80,"column":4},"end":{"line":80,"column":5}},"loc":{"start":{"line":80,"column":50},"end":{"line":83,"column":5}},"line":80},"20":{"name":"(anonymous_20)","decl":{"start":{"line":85,"column":4},"end":{"line":85,"column":5}},"loc":{"start":{"line":85,"column":42},"end":{"line":88,"column":5}},"line":85},"21":{"name":"(anonymous_21)","decl":{"start":{"line":90,"column":4},"end":{"line":90,"column":5}},"loc":{"start":{"line":90,"column":31},"end":{"line":93,"column":5}},"line":90},"22":{"name":"(anonymous_22)","decl":{"start":{"line":95,"column":4},"end":{"line":95,"column":5}},"loc":{"start":{"line":95,"column":32},"end":{"line":98,"column":5}},"line":95},"23":{"name":"(anonymous_23)","decl":{"start":{"line":100,"column":4},"end":{"line":100,"column":5}},"loc":{"start":{"line":100,"column":35},"end":{"line":103,"column":5}},"line":100},"24":{"name":"(anonymous_24)","decl":{"start":{"line":105,"column":4},"end":{"line":105,"column":5}},"loc":{"start":{"line":105,"column":44},"end":{"line":108,"column":5}},"line":105},"25":{"name":"(anonymous_25)","decl":{"start":{"line":110,"column":4},"end":{"line":110,"column":5}},"loc":{"start":{"line":110,"column":36},"end":{"line":113,"column":5}},"line":110},"26":{"name":"(anonymous_26)","decl":{"start":{"line":115,"column":4},"end":{"line":115,"column":5}},"loc":{"start":{"line":115,"column":47},"end":{"line":118,"column":5}},"line":115},"27":{"name":"(anonymous_27)","decl":{"start":{"line":120,"column":4},"end":{"line":120,"column":5}},"loc":{"start":{"line":120,"column":44},"end":{"line":123,"column":5}},"line":120},"28":{"name":"(anonymous_28)","decl":{"start":{"line":125,"column":4},"end":{"line":125,"column":5}},"loc":{"start":{"line":125,"column":20},"end":{"line":139,"column":5}},"line":125},"29":{"name":"(anonymous_29)","decl":{"start":{"line":137,"column":41},"end":{"line":137,"column":42}},"loc":{"start":{"line":137,"column":48},"end":{"line":137,"column":56}},"line":137},"30":{"name":"(anonymous_30)","decl":{"start":{"line":141,"column":4},"end":{"line":141,"column":5}},"loc":{"start":{"line":141,"column":36},"end":{"line":144,"column":5}},"line":141},"31":{"name":"(anonymous_31)","decl":{"start":{"line":146,"column":4},"end":{"line":146,"column":5}},"loc":{"start":{"line":146,"column":33},"end":{"line":149,"column":5}},"line":146},"32":{"name":"(anonymous_32)","decl":{"start":{"line":151,"column":4},"end":{"line":151,"column":5}},"loc":{"start":{"line":151,"column":32},"end":{"line":154,"column":5}},"line":151},"33":{"name":"(anonymous_33)","decl":{"start":{"line":156,"column":4},"end":{"line":156,"column":5}},"loc":{"start":{"line":156,"column":39},"end":{"line":159,"column":5}},"line":156},"34":{"name":"(anonymous_34)","decl":{"start":{"line":161,"column":4},"end":{"line":161,"column":5}},"loc":{"start":{"line":161,"column":30},"end":{"line":164,"column":5}},"line":161},"35":{"name":"(anonymous_35)","decl":{"start":{"line":166,"column":4},"end":{"line":166,"column":5}},"loc":{"start":{"line":166,"column":32},"end":{"line":169,"column":5}},"line":166},"36":{"name":"(anonymous_36)","decl":{"start":{"line":171,"column":4},"end":{"line":171,"column":5}},"loc":{"start":{"line":171,"column":36},"end":{"line":174,"column":5}},"line":171}},"branchMap":{"0":{"loc":{"start":{"line":142,"column":8},"end":{"line":142,"column":40}},"type":"if","locations":[{"start":{"line":142,"column":8},"end":{"line":142,"column":40}},{"start":{},"end":{}}],"line":142},"1":{"loc":{"start":{"line":147,"column":8},"end":{"line":147,"column":42}},"type":"if","locations":[{"start":{"line":147,"column":8},"end":{"line":147,"column":42}},{"start":{},"end":{}}],"line":147},"2":{"loc":{"start":{"line":152,"column":8},"end":{"line":152,"column":36}},"type":"if","locations":[{"start":{"line":152,"column":8},"end":{"line":152,"column":36}},{"start":{},"end":{}}],"line":152},"3":{"loc":{"start":{"line":157,"column":8},"end":{"line":157,"column":43}},"type":"if","locations":[{"start":{"line":157,"column":8},"end":{"line":157,"column":43}},{"start":{},"end":{}}],"line":157},"4":{"loc":{"start":{"line":162,"column":8},"end":{"line":162,"column":34}},"type":"if","locations":[{"start":{"line":162,"column":8},"end":{"line":162,"column":34}},{"start":{},"end":{}}],"line":162},"5":{"loc":{"start":{"line":163,"column":15},"end":{"line":163,"column":104}},"type":"cond-expr","locations":[{"start":{"line":163,"column":29},"end":{"line":163,"column":81}},{"start":{"line":163,"column":84},"end":{"line":163,"column":104}}],"line":163},"6":{"loc":{"start":{"line":167,"column":8},"end":{"line":167,"column":39}},"type":"if","locations":[{"start":{"line":167,"column":8},"end":{"line":167,"column":39}},{"start":{},"end":{}}],"line":167},"7":{"loc":{"start":{"line":172,"column":8},"end":{"line":172,"column":40}},"type":"if","locations":[{"start":{"line":172,"column":8},"end":{"line":172,"column":40}},{"start":{},"end":{}}],"line":172}},"s":{"0":11,"1":1,"2":2,"3":8,"4":2,"5":2,"6":7,"7":2,"8":2,"9":7,"10":2,"11":2,"12":7,"13":2,"14":2,"15":11,"16":2,"17":2,"18":11,"19":2,"20":8,"21":1,"22":25,"23":2,"24":2,"25":2,"26":2,"27":2,"28":1,"29":1,"30":1,"31":1,"32":2,"33":2,"34":2,"35":2,"36":2,"37":2,"38":2,"39":2,"40":2,"41":2,"42":2,"43":2,"44":4,"45":4,"46":32,"47":4,"48":4,"49":0,"50":4,"51":4,"52":2,"53":2,"54":4,"55":0,"56":4,"57":4,"58":0,"59":4,"60":4,"61":0,"62":4,"63":4,"64":0,"65":4,"66":4,"67":0,"68":4},"f":{"0":11,"1":1,"2":8,"3":2,"4":7,"5":2,"6":7,"7":2,"8":7,"9":2,"10":11,"11":2,"12":11,"13":2,"14":8,"15":1,"16":25,"17":2,"18":2,"19":2,"20":1,"21":1,"22":2,"23":2,"24":2,"25":2,"26":2,"27":2,"28":4,"29":32,"30":4,"31":4,"32":4,"33":4,"34":4,"35":4,"36":4},"b":{"0":[0,4],"1":[2,2],"2":[0,4],"3":[0,4],"4":[0,4],"5":[4,0],"6":[0,4],"7":[0,4]},"_coverageSchema":"1a1c01bbd47fc00a2c39e90264f33305004495a9","hash":"99d3e977736ef909ddde5e4007bef2b3ac03b619"}
,"D:\\Projects\\Web\\database-sql-generator\\src\\builders\\MySql\\MySqlTableBuilder.ts": {"path":"D:\\Projects\\Web\\database-sql-generator\\src\\builders\\MySql\\MySqlTableBuilder.ts","statementMap":{"0":{"start":{"line":8,"column":8},"end":{"line":8,"column":26}},"1":{"start":{"line":11,"column":8},"end":{"line":11,"column":27}},"2":{"start":{"line":16,"column":8},"end":{"line":16,"column":28}},"3":{"start":{"line":19,"column":8},"end":{"line":19,"column":29}},"4":{"start":{"line":22,"column":40},"end":{"line":22,"column":48}},"5":{"start":{"line":24,"column":8},"end":{"line":24,"column":28}},"6":{"start":{"line":27,"column":8},"end":{"line":27,"column":29}},"7":{"start":{"line":31,"column":8},"end":{"line":31,"column":26}},"8":{"start":{"line":32,"column":8},"end":{"line":32,"column":30}},"9":{"start":{"line":33,"column":8},"end":{"line":33,"column":30}},"10":{"start":{"line":37,"column":8},"end":{"line":39,"column":9}},"11":{"start":{"line":38,"column":12},"end":{"line":38,"column":29}},"12":{"start":{"line":40,"column":8},"end":{"line":40,"column":32}},"13":{"start":{"line":44,"column":8},"end":{"line":44,"column":92}},"14":{"start":{"line":44,"column":85},"end":{"line":44,"column":92}},"15":{"start":{"line":45,"column":8},"end":{"line":45,"column":61}},"16":{"start":{"line":45,"column":48},"end":{"line":45,"column":59}},"17":{"start":{"line":49,"column":8},"end":{"line":49,"column":65}},"18":{"start":{"line":49,"column":33},"end":{"line":49,"column":53}},"19":{"start":{"line":53,"column":8},"end":{"line":53,"column":29}},"20":{"start":{"line":57,"column":24},"end":{"line":57,"column":55}},"21":{"start":{"line":58,"column":25},"end":{"line":58,"column":89}},"22":{"start":{"line":59,"column":8},"end":{"line":59,"column":24}}},"fnMap":{"0":{"name":"(anonymous_0)","decl":{"start":{"line":7,"column":4},"end":{"line":7,"column":5}},"loc":{"start":{"line":7,"column":30},"end":{"line":9,"column":5}},"line":7},"1":{"name":"(anonymous_1)","decl":{"start":{"line":10,"column":4},"end":{"line":10,"column":5}},"loc":{"start":{"line":10,"column":35},"end":{"line":12,"column":5}},"line":10},"2":{"name":"(anonymous_2)","decl":{"start":{"line":15,"column":4},"end":{"line":15,"column":5}},"loc":{"start":{"line":15,"column":34},"end":{"line":17,"column":5}},"line":15},"3":{"name":"(anonymous_3)","decl":{"start":{"line":18,"column":4},"end":{"line":18,"column":5}},"loc":{"start":{"line":18,"column":39},"end":{"line":20,"column":5}},"line":18},"4":{"name":"(anonymous_4)","decl":{"start":{"line":23,"column":4},"end":{"line":23,"column":5}},"loc":{"start":{"line":23,"column":42},"end":{"line":25,"column":5}},"line":23},"5":{"name":"(anonymous_5)","decl":{"start":{"line":26,"column":4},"end":{"line":26,"column":5}},"loc":{"start":{"line":26,"column":47},"end":{"line":28,"column":5}},"line":26},"6":{"name":"(anonymous_6)","decl":{"start":{"line":30,"column":4},"end":{"line":30,"column":5}},"loc":{"start":{"line":30,"column":85},"end":{"line":34,"column":5}},"line":30},"7":{"name":"(anonymous_7)","decl":{"start":{"line":36,"column":4},"end":{"line":36,"column":5}},"loc":{"start":{"line":36,"column":28},"end":{"line":41,"column":5}},"line":36},"8":{"name":"(anonymous_8)","decl":{"start":{"line":43,"column":4},"end":{"line":43,"column":5}},"loc":{"start":{"line":43,"column":31},"end":{"line":46,"column":5}},"line":43},"9":{"name":"(anonymous_9)","decl":{"start":{"line":45,"column":41},"end":{"line":45,"column":42}},"loc":{"start":{"line":45,"column":48},"end":{"line":45,"column":59}},"line":45},"10":{"name":"(anonymous_10)","decl":{"start":{"line":49,"column":26},"end":{"line":49,"column":27}},"loc":{"start":{"line":49,"column":33},"end":{"line":49,"column":53}},"line":49},"11":{"name":"(anonymous_11)","decl":{"start":{"line":56,"column":4},"end":{"line":56,"column":5}},"loc":{"start":{"line":56,"column":12},"end":{"line":60,"column":5}},"line":56}},"branchMap":{"0":{"loc":{"start":{"line":30,"column":48},"end":{"line":30,"column":83}},"type":"default-arg","locations":[{"start":{"line":30,"column":75},"end":{"line":30,"column":83}}],"line":30},"1":{"loc":{"start":{"line":37,"column":8},"end":{"line":39,"column":9}},"type":"if","locations":[{"start":{"line":37,"column":8},"end":{"line":39,"column":9}},{"start":{},"end":{}}],"line":37},"2":{"loc":{"start":{"line":37,"column":12},"end":{"line":37,"column":52}},"type":"binary-expr","locations":[{"start":{"line":37,"column":12},"end":{"line":37,"column":24}},{"start":{"line":37,"column":28},"end":{"line":37,"column":52}}],"line":37},"3":{"loc":{"start":{"line":44,"column":8},"end":{"line":44,"column":92}},"type":"if","locations":[{"start":{"line":44,"column":8},"end":{"line":44,"column":92}},{"start":{},"end":{}}],"line":44},"4":{"loc":{"start":{"line":44,"column":12},"end":{"line":44,"column":83}},"type":"binary-expr","locations":[{"start":{"line":44,"column":12},"end":{"line":44,"column":24}},{"start":{"line":44,"column":28},"end":{"line":44,"column":55}},{"start":{"line":44,"column":59},"end":{"line":44,"column":83}}],"line":44}},"s":{"0":5,"1":1,"2":22,"3":2,"4":1,"5":3,"6":0,"7":1,"8":1,"9":1,"10":1,"11":1,"12":1,"13":1,"14":0,"15":1,"16":1,"17":2,"18":2,"19":2,"20":2,"21":2,"22":2},"f":{"0":5,"1":1,"2":22,"3":2,"4":3,"5":0,"6":1,"7":1,"8":1,"9":1,"10":2,"11":2},"b":{"0":[1],"1":[1,0],"2":[1,1],"3":[0,1],"4":[1,1,1]},"_coverageSchema":"1a1c01bbd47fc00a2c39e90264f33305004495a9","hash":"cf8c5c65c2b6cfe72cb0cfbf29818712350dd920"}
}
