TN:
SF:src\builders\MySql\MySqlField.ts
FN:5,(anonymous_0)
FN:8,(anonymous_1)
FN:13,(anonymous_2)
FN:16,(anonymous_3)
FN:21,(anonymous_4)
FN:24,(anonymous_5)
FN:29,(anonymous_6)
FN:32,(anonymous_7)
FN:36,(anonymous_8)
FN:39,(anonymous_9)
FN:43,(anonymous_10)
FN:46,(anonymous_11)
FN:51,(anonymous_12)
FN:54,(anonymous_13)
FN:59,(anonymous_14)
FN:63,(anonymous_15)
FN:68,(anonymous_16)
FN:71,(anonymous_17)
FN:75,(anonymous_18)
FN:80,(anonymous_19)
FN:85,(anonymous_20)
FN:90,(anonymous_21)
FN:95,(anonymous_22)
FN:100,(anonymous_23)
FN:105,(anonymous_24)
FN:110,(anonymous_25)
FN:115,(anonymous_26)
FN:120,(anonymous_27)
FN:125,(anonymous_28)
FN:137,(anonymous_29)
FN:141,(anonymous_30)
FN:146,(anonymous_31)
FN:151,(anonymous_32)
FN:156,(anonymous_33)
FN:161,(anonymous_34)
FN:166,(anonymous_35)
FN:171,(anonymous_36)
FNF:37
FNH:37
FNDA:11,(anonymous_0)
FNDA:1,(anonymous_1)
FNDA:8,(anonymous_2)
FNDA:2,(anonymous_3)
FNDA:7,(anonymous_4)
FNDA:2,(anonymous_5)
FNDA:7,(anonymous_6)
FNDA:2,(anonymous_7)
FNDA:7,(anonymous_8)
FNDA:2,(anonymous_9)
FNDA:11,(anonymous_10)
FNDA:2,(anonymous_11)
FNDA:11,(anonymous_12)
FNDA:2,(anonymous_13)
FNDA:8,(anonymous_14)
FNDA:1,(anonymous_15)
FNDA:25,(anonymous_16)
FNDA:2,(anonymous_17)
FNDA:2,(anonymous_18)
FNDA:2,(anonymous_19)
FNDA:1,(anonymous_20)
FNDA:1,(anonymous_21)
FNDA:2,(anonymous_22)
FNDA:2,(anonymous_23)
FNDA:2,(anonymous_24)
FNDA:2,(anonymous_25)
FNDA:2,(anonymous_26)
FNDA:2,(anonymous_27)
FNDA:4,(anonymous_28)
FNDA:32,(anonymous_29)
FNDA:4,(anonymous_30)
FNDA:4,(anonymous_31)
FNDA:4,(anonymous_32)
FNDA:4,(anonymous_33)
FNDA:4,(anonymous_34)
FNDA:4,(anonymous_35)
FNDA:4,(anonymous_36)
DA:6,11
DA:9,1
DA:12,2
DA:14,8
DA:17,2
DA:20,2
DA:22,7
DA:25,2
DA:28,2
DA:30,7
DA:33,2
DA:35,2
DA:37,7
DA:40,2
DA:42,2
DA:44,11
DA:47,2
DA:50,2
DA:52,11
DA:55,2
DA:60,8
DA:64,1
DA:69,25
DA:72,2
DA:76,2
DA:77,2
DA:81,2
DA:82,2
DA:86,1
DA:87,1
DA:91,1
DA:92,1
DA:96,2
DA:97,2
DA:101,2
DA:102,2
DA:106,2
DA:107,2
DA:111,2
DA:112,2
DA:116,2
DA:117,2
DA:121,2
DA:122,2
DA:126,4
DA:137,32
DA:138,4
DA:142,4
DA:143,4
DA:147,4
DA:148,2
DA:152,4
DA:153,4
DA:157,4
DA:158,4
DA:162,4
DA:163,4
DA:167,4
DA:168,4
DA:172,4
DA:173,4
LF:61
LH:61
BRDA:142,0,0,0
BRDA:142,0,1,4
BRDA:147,1,0,2
BRDA:147,1,1,2
BRDA:152,2,0,0
BRDA:152,2,1,4
BRDA:157,3,0,0
BRDA:157,3,1,4
BRDA:162,4,0,0
BRDA:162,4,1,4
BRDA:163,5,0,4
BRDA:163,5,1,0
BRDA:167,6,0,0
BRDA:167,6,1,4
BRDA:172,7,0,0
BRDA:172,7,1,4
BRF:16
BRH:9
end_of_record
TN:
SF:src\builders\MySql\MySqlTableBuilder.ts
FN:7,(anonymous_0)
FN:10,(anonymous_1)
FN:15,(anonymous_2)
FN:18,(anonymous_3)
FN:23,(anonymous_4)
FN:26,(anonymous_5)
FN:30,(anonymous_6)
FN:36,(anonymous_7)
FN:43,(anonymous_8)
FN:45,(anonymous_9)
FN:49,(anonymous_10)
FN:56,(anonymous_11)
FNF:12
FNH:11
FNDA:5,(anonymous_0)
FNDA:1,(anonymous_1)
FNDA:22,(anonymous_2)
FNDA:2,(anonymous_3)
FNDA:3,(anonymous_4)
FNDA:0,(anonymous_5)
FNDA:1,(anonymous_6)
FNDA:1,(anonymous_7)
FNDA:1,(anonymous_8)
FNDA:1,(anonymous_9)
FNDA:2,(anonymous_10)
FNDA:2,(anonymous_11)
DA:8,5
DA:11,1
DA:16,22
DA:19,2
DA:22,1
DA:24,3
DA:27,0
DA:31,1
DA:32,1
DA:33,1
DA:37,1
DA:38,1
DA:40,1
DA:44,1
DA:45,1
DA:49,2
DA:53,2
DA:57,2
DA:58,2
DA:59,2
LF:20
LH:19
BRDA:30,0,0,1
BRDA:37,1,0,1
BRDA:37,1,1,0
BRDA:37,2,0,1
BRDA:37,2,1,1
BRDA:44,3,0,0
BRDA:44,3,1,1
BRDA:44,4,0,1
BRDA:44,4,1,1
BRDA:44,4,2,1
BRF:10
BRH:8
end_of_record
